<?xml version="1.0" encoding="UTF-8"?>
<!-- Generated by org.testng.reporters.JUnitReportReporter -->
<testsuite hostname="DESKTOP-8F0NEPK" failures="0" tests="1" name="com.testing.Testing" time="48.590" errors="0" timestamp="2022-10-11T20:10:42 IST" skipped="0">
  <testcase classname="com.testing.Testing" name="AutomateWebsite" time="48.590"/>
</testsuite> <!-- com.testing.Testing -->
